0 info it worked if it ends with ok
1 verbose cli [ '/usr/local/heroku/bin/node', '/usr/bin/npm', 'start' ]
2 info using npm@3.10.10
3 info using node@v8.5.0
4 verbose run-script [ 'prestart', 'start', 'poststart' ]
5 info lifecycle chessbird@1.0.0~prestart: chessbird@1.0.0
6 silly lifecycle chessbird@1.0.0~prestart: no script for prestart, continuing
7 info lifecycle chessbird@1.0.0~start: chessbird@1.0.0
8 verbose lifecycle chessbird@1.0.0~start: unsafe-perm in lifecycle true
9 verbose lifecycle chessbird@1.0.0~start: PATH: /usr/lib/node_modules/npm/bin/node-gyp-bin:/mnt/c/Users/Santi/Dropbox/code/hackathons/chessbird/node_modules/.bin:/home/santibuenahora/bin:/home/santibuenahora/.local/bin:/usr/local/heroku/bin:/usr/local/bin:/usr/bin:/bin:/usr/local/games:/usr/games:/mnt/c/Program\ Files/Docker/Docker/resources/bin:/home/santibuenahora/bin
10 verbose lifecycle chessbird@1.0.0~start: CWD: /mnt/c/Users/Santi/Dropbox/code/hackathons/chessbird
11 silly lifecycle chessbird@1.0.0~start: Args: [ '-c', 'node controllers/index.js' ]
12 silly lifecycle chessbird@1.0.0~start: Returned: code: 1  signal: null
13 info lifecycle chessbird@1.0.0~start: Failed to exec start script
14 verbose stack Error: chessbird@1.0.0 start: `node controllers/index.js`
14 verbose stack Exit status 1
14 verbose stack     at EventEmitter.<anonymous> (/usr/lib/node_modules/npm/lib/utils/lifecycle.js:255:16)
14 verbose stack     at emitTwo (events.js:125:13)
14 verbose stack     at EventEmitter.emit (events.js:213:7)
14 verbose stack     at ChildProcess.<anonymous> (/usr/lib/node_modules/npm/lib/utils/spawn.js:40:14)
14 verbose stack     at emitTwo (events.js:125:13)
14 verbose stack     at ChildProcess.emit (events.js:213:7)
14 verbose stack     at maybeClose (internal/child_process.js:927:16)
14 verbose stack     at Process.ChildProcess._handle.onexit (internal/child_process.js:211:5)
15 verbose pkgid chessbird@1.0.0
16 verbose cwd /mnt/c/Users/Santi/Dropbox/code/hackathons/chessbird
17 error Linux 3.4.0+
18 error argv "/usr/local/heroku/bin/node" "/usr/bin/npm" "start"
19 error node v8.5.0
20 error npm  v3.10.10
21 error code ELIFECYCLE
22 error chessbird@1.0.0 start: `node controllers/index.js`
22 error Exit status 1
23 error Failed at the chessbird@1.0.0 start script 'node controllers/index.js'.
23 error Make sure you have the latest version of node.js and npm installed.
23 error If you do, this is most likely a problem with the chessbird package,
23 error not with npm itself.
23 error Tell the author that this fails on your system:
23 error     node controllers/index.js
23 error You can get information on how to open an issue for this project with:
23 error     npm bugs chessbird
23 error Or if that isn't available, you can get their info via:
23 error     npm owner ls chessbird
23 error There is likely additional logging output above.
24 verbose exit [ 1, true ]
